<?xml version="1.0" encoding="UTF-8"?>
<!-- Generated by org.testng.reporters.JUnitReportReporter -->
<testsuite hostname="Syeds-Mac-mini.fios-router.home" name="com.syed.madison_island.SimpleTestWD" tests="2" failures="0" timestamp="5 Feb 2016 00:47:37 GMT" time="4.402" errors="0">
  <testcase name="goToNewArrivalPage" time="2.759" classname="com.syed.madison_island.SimpleTestWD"/>
  <testcase name="goToWomenPage" time="1.643" classname="com.syed.madison_island.SimpleTestWD"/>
</testsuite> <!-- com.syed.madison_island.SimpleTestWD -->
